<?xml version="1.0" encoding="UTF-8"?>
<coverage generated="1725347455476" clover="3.2.0">
  <project timestamp="1725347455476" name="All files">
    <metrics statements="24" coveredstatements="22" conditionals="5" coveredconditionals="4" methods="6" coveredmethods="5" elements="35" coveredelements="31" complexity="0" loc="24" ncloc="24" packages="1" files="2" classes="2"/>
    <file name="contact.js" path="C:\Users\admin\Documents\GitHub\node-js-hw-04\models\contact.js">
      <metrics statements="5" coveredstatements="5" conditionals="0" coveredconditionals="0" methods="0" coveredmethods="0"/>
      <line num="1" count="1" type="stmt"/>
      <line num="2" count="1" type="stmt"/>
      <line num="4" count="1" type="stmt"/>
      <line num="26" count="1" type="stmt"/>
      <line num="28" count="1" type="stmt"/>
    </file>
    <file name="contacts.js" path="C:\Users\admin\Documents\GitHub\node-js-hw-04\models\contacts.js">
      <metrics statements="19" coveredstatements="17" conditionals="5" coveredconditionals="4" methods="6" coveredmethods="5"/>
      <line num="2" count="1" type="stmt"/>
      <line num="4" count="1" type="cond" truecount="3" falsecount="0"/>
      <line num="5" count="1" type="stmt"/>
      <line num="6" count="1" type="cond" truecount="1" falsecount="1"/>
      <line num="7" count="0" type="stmt"/>
      <line num="10" count="1" type="stmt"/>
      <line num="11" count="1" type="stmt"/>
      <line num="14" count="1" type="stmt"/>
      <line num="15" count="2" type="stmt"/>
      <line num="18" count="1" type="stmt"/>
      <line num="19" count="1" type="stmt"/>
      <line num="20" count="1" type="stmt"/>
      <line num="23" count="1" type="stmt"/>
      <line num="24" count="1" type="stmt"/>
      <line num="27" count="1" type="stmt"/>
      <line num="28" count="2" type="stmt"/>
      <line num="31" count="1" type="stmt"/>
      <line num="32" count="0" type="stmt"/>
      <line num="35" count="1" type="stmt"/>
    </file>
  </project>
</coverage>
