{"C:\\Users\\admin\\Documents\\GitHub\\node-js-hw-02\\app.js": {"path":"C:\\Users\\admin\\Documents\\GitHub\\node-js-hw-02\\app.js","statementMap":{"0":{"start":{"line":1,"column":16},"end":{"line":1,"column":34}},"1":{"start":{"line":2,"column":15},"end":{"line":2,"column":32}},"2":{"start":{"line":3,"column":13},"end":{"line":3,"column":28}},"3":{"start":{"line":4,"column":23},"end":{"line":4,"column":55}},"4":{"start":{"line":5,"column":12},"end":{"line":5,"column":21}},"5":{"start":{"line":7,"column":22},"end":{"line":7,"column":72}},"6":{"start":{"line":9,"column":0},"end":{"line":9,"column":31}},"7":{"start":{"line":10,"column":0},"end":{"line":10,"column":16}},"8":{"start":{"line":11,"column":0},"end":{"line":11,"column":24}},"9":{"start":{"line":13,"column":0},"end":{"line":13,"column":41}},"10":{"start":{"line":15,"column":0},"end":{"line":17,"column":3}},"11":{"start":{"line":16,"column":4},"end":{"line":16,"column":51}},"12":{"start":{"line":19,"column":0},"end":{"line":21,"column":3}},"13":{"start":{"line":20,"column":4},"end":{"line":20,"column":51}},"14":{"start":{"line":23,"column":0},"end":{"line":23,"column":21}}},"fnMap":{"0":{"name":"(anonymous_0)","decl":{"start":{"line":15,"column":8},"end":{"line":15,"column":9}},"loc":{"start":{"line":15,"column":22},"end":{"line":17,"column":1}},"line":15},"1":{"name":"(anonymous_1)","decl":{"start":{"line":19,"column":8},"end":{"line":19,"column":9}},"loc":{"start":{"line":19,"column":33},"end":{"line":21,"column":1}},"line":19}},"branchMap":{"0":{"loc":{"start":{"line":7,"column":22},"end":{"line":7,"column":72}},"type":"cond-expr","locations":[{"start":{"line":7,"column":57},"end":{"line":7,"column":62}},{"start":{"line":7,"column":65},"end":{"line":7,"column":72}}],"line":7}},"s":{"0":2,"1":2,"2":2,"3":2,"4":2,"5":2,"6":2,"7":2,"8":2,"9":2,"10":2,"11":0,"12":2,"13":0,"14":2},"f":{"0":0,"1":0},"b":{"0":[0,2]},"_coverageSchema":"1a1c01bbd47fc00a2c39e90264f33305004495a9","hash":"8054187cb7894d4b6834d83bec889a8662166c7a"}
,"C:\\Users\\admin\\Documents\\GitHub\\node-js-hw-02\\models\\contact.js": {"path":"C:\\Users\\admin\\Documents\\GitHub\\node-js-hw-02\\models\\contact.js","statementMap":{"0":{"start":{"line":2,"column":17},"end":{"line":2,"column":36}},"1":{"start":{"line":3,"column":15},"end":{"line":3,"column":30}},"2":{"start":{"line":5,"column":22},"end":{"line":20,"column":2}},"3":{"start":{"line":22,"column":16},"end":{"line":22,"column":56}},"4":{"start":{"line":24,"column":0},"end":{"line":24,"column":25}}},"fnMap":{},"branchMap":{},"s":{"0":3,"1":3,"2":3,"3":3,"4":3},"f":{},"b":{},"_coverageSchema":"1a1c01bbd47fc00a2c39e90264f33305004495a9","hash":"6e7a662d1fee5259ebc3c6af415ed8dabd08b160"}
,"C:\\Users\\admin\\Documents\\GitHub\\node-js-hw-02\\models\\contacts.js": {"path":"C:\\Users\\admin\\Documents\\GitHub\\node-js-hw-02\\models\\contacts.js","statementMap":{"0":{"start":{"line":2,"column":16},"end":{"line":2,"column":36}},"1":{"start":{"line":4,"column":21},"end":{"line":6,"column":1}},"2":{"start":{"line":5,"column":2},"end":{"line":5,"column":32}},"3":{"start":{"line":8,"column":23},"end":{"line":10,"column":1}},"4":{"start":{"line":9,"column":2},"end":{"line":9,"column":43}},"5":{"start":{"line":12,"column":22},"end":{"line":15,"column":1}},"6":{"start":{"line":13,"column":17},"end":{"line":13,"column":59}},"7":{"start":{"line":14,"column":2},"end":{"line":14,"column":25}},"8":{"start":{"line":17,"column":19},"end":{"line":19,"column":1}},"9":{"start":{"line":18,"column":2},"end":{"line":18,"column":36}},"10":{"start":{"line":21,"column":22},"end":{"line":23,"column":1}},"11":{"start":{"line":22,"column":2},"end":{"line":22,"column":73}},"12":{"start":{"line":25,"column":28},"end":{"line":27,"column":1}},"13":{"start":{"line":26,"column":2},"end":{"line":26,"column":81}},"14":{"start":{"line":29,"column":0},"end":{"line":36,"column":2}}},"fnMap":{"0":{"name":"(anonymous_0)","decl":{"start":{"line":4,"column":21},"end":{"line":4,"column":22}},"loc":{"start":{"line":4,"column":33},"end":{"line":6,"column":1}},"line":4},"1":{"name":"(anonymous_1)","decl":{"start":{"line":8,"column":23},"end":{"line":8,"column":24}},"loc":{"start":{"line":8,"column":44},"end":{"line":10,"column":1}},"line":8},"2":{"name":"(anonymous_2)","decl":{"start":{"line":12,"column":22},"end":{"line":12,"column":23}},"loc":{"start":{"line":12,"column":43},"end":{"line":15,"column":1}},"line":12},"3":{"name":"(anonymous_3)","decl":{"start":{"line":17,"column":19},"end":{"line":17,"column":20}},"loc":{"start":{"line":17,"column":35},"end":{"line":19,"column":1}},"line":17},"4":{"name":"(anonymous_4)","decl":{"start":{"line":21,"column":22},"end":{"line":21,"column":23}},"loc":{"start":{"line":21,"column":49},"end":{"line":23,"column":1}},"line":21},"5":{"name":"(anonymous_5)","decl":{"start":{"line":25,"column":28},"end":{"line":25,"column":29}},"loc":{"start":{"line":25,"column":59},"end":{"line":27,"column":1}},"line":25}},"branchMap":{},"s":{"0":3,"1":3,"2":1,"3":3,"4":2,"5":3,"6":1,"7":1,"8":3,"9":1,"10":3,"11":2,"12":3,"13":0,"14":3},"f":{"0":1,"1":2,"2":1,"3":1,"4":2,"5":0},"b":{},"_coverageSchema":"1a1c01bbd47fc00a2c39e90264f33305004495a9","hash":"0c0a9ab2683b9d3b8f7a141d39083311654b2d7a"}
,"C:\\Users\\admin\\Documents\\GitHub\\node-js-hw-02\\routes\\api\\contacts.js": {"path":"C:\\Users\\admin\\Documents\\GitHub\\node-js-hw-02\\routes\\api\\contacts.js","statementMap":{"0":{"start":{"line":2,"column":16},"end":{"line":2,"column":34}},"1":{"start":{"line":3,"column":12},"end":{"line":3,"column":26}},"2":{"start":{"line":11,"column":4},"end":{"line":11,"column":36}},"3":{"start":{"line":12,"column":15},"end":{"line":12,"column":31}},"4":{"start":{"line":14,"column":22},"end":{"line":18,"column":2}},"5":{"start":{"line":20,"column":23},"end":{"line":22,"column":2}},"6":{"start":{"line":24,"column":0},"end":{"line":31,"column":3}},"7":{"start":{"line":25,"column":4},"end":{"line":30,"column":5}},"8":{"start":{"line":26,"column":25},"end":{"line":26,"column":45}},"9":{"start":{"line":27,"column":8},"end":{"line":27,"column":39}},"10":{"start":{"line":29,"column":8},"end":{"line":29,"column":20}},"11":{"start":{"line":33,"column":0},"end":{"line":45,"column":3}},"12":{"start":{"line":34,"column":4},"end":{"line":44,"column":5}},"13":{"start":{"line":35,"column":25},"end":{"line":35,"column":45}},"14":{"start":{"line":36,"column":24},"end":{"line":36,"column":76}},"15":{"start":{"line":37,"column":8},"end":{"line":41,"column":9}},"16":{"start":{"line":38,"column":12},"end":{"line":38,"column":42}},"17":{"start":{"line":40,"column":12},"end":{"line":40,"column":59}},"18":{"start":{"line":43,"column":8},"end":{"line":43,"column":20}},"19":{"start":{"line":47,"column":0},"end":{"line":59,"column":3}},"20":{"start":{"line":48,"column":4},"end":{"line":58,"column":5}},"21":{"start":{"line":49,"column":26},"end":{"line":49,"column":58}},"22":{"start":{"line":50,"column":8},"end":{"line":53,"column":9}},"23":{"start":{"line":51,"column":12},"end":{"line":51,"column":62}},"24":{"start":{"line":52,"column":12},"end":{"line":52,"column":107}},"25":{"start":{"line":54,"column":27},"end":{"line":54,"column":53}},"26":{"start":{"line":55,"column":8},"end":{"line":55,"column":41}},"27":{"start":{"line":57,"column":8},"end":{"line":57,"column":20}},"28":{"start":{"line":61,"column":0},"end":{"line":72,"column":3}},"29":{"start":{"line":62,"column":4},"end":{"line":71,"column":5}},"30":{"start":{"line":63,"column":24},"end":{"line":63,"column":65}},"31":{"start":{"line":64,"column":8},"end":{"line":68,"column":9}},"32":{"start":{"line":65,"column":12},"end":{"line":65,"column":65}},"33":{"start":{"line":67,"column":12},"end":{"line":67,"column":59}},"34":{"start":{"line":70,"column":8},"end":{"line":70,"column":20}},"35":{"start":{"line":74,"column":0},"end":{"line":88,"column":3}},"36":{"start":{"line":75,"column":4},"end":{"line":87,"column":5}},"37":{"start":{"line":76,"column":8},"end":{"line":78,"column":9}},"38":{"start":{"line":77,"column":12},"end":{"line":77,"column":71}},"39":{"start":{"line":79,"column":31},"end":{"line":79,"column":82}},"40":{"start":{"line":80,"column":8},"end":{"line":84,"column":9}},"41":{"start":{"line":81,"column":12},"end":{"line":81,"column":49}},"42":{"start":{"line":83,"column":12},"end":{"line":83,"column":59}},"43":{"start":{"line":86,"column":8},"end":{"line":86,"column":20}},"44":{"start":{"line":91,"column":0},"end":{"line":106,"column":3}},"45":{"start":{"line":92,"column":4},"end":{"line":105,"column":5}},"46":{"start":{"line":93,"column":26},"end":{"line":93,"column":59}},"47":{"start":{"line":94,"column":8},"end":{"line":96,"column":9}},"48":{"start":{"line":95,"column":12},"end":{"line":95,"column":79}},"49":{"start":{"line":97,"column":31},"end":{"line":97,"column":97}},"50":{"start":{"line":98,"column":8},"end":{"line":102,"column":9}},"51":{"start":{"line":99,"column":12},"end":{"line":99,"column":49}},"52":{"start":{"line":101,"column":12},"end":{"line":101,"column":59}},"53":{"start":{"line":104,"column":8},"end":{"line":104,"column":20}},"54":{"start":{"line":108,"column":0},"end":{"line":108,"column":24}}},"fnMap":{"0":{"name":"(anonymous_0)","decl":{"start":{"line":24,"column":16},"end":{"line":24,"column":17}},"loc":{"start":{"line":24,"column":42},"end":{"line":31,"column":1}},"line":24},"1":{"name":"(anonymous_1)","decl":{"start":{"line":33,"column":26},"end":{"line":33,"column":27}},"loc":{"start":{"line":33,"column":52},"end":{"line":45,"column":1}},"line":33},"2":{"name":"(anonymous_2)","decl":{"start":{"line":47,"column":17},"end":{"line":47,"column":18}},"loc":{"start":{"line":47,"column":43},"end":{"line":59,"column":1}},"line":47},"3":{"name":"(anonymous_3)","decl":{"start":{"line":61,"column":29},"end":{"line":61,"column":30}},"loc":{"start":{"line":61,"column":55},"end":{"line":72,"column":1}},"line":61},"4":{"name":"(anonymous_4)","decl":{"start":{"line":74,"column":26},"end":{"line":74,"column":27}},"loc":{"start":{"line":74,"column":52},"end":{"line":88,"column":1}},"line":74},"5":{"name":"(anonymous_5)","decl":{"start":{"line":91,"column":37},"end":{"line":91,"column":38}},"loc":{"start":{"line":91,"column":63},"end":{"line":106,"column":1}},"line":91}},"branchMap":{"0":{"loc":{"start":{"line":37,"column":8},"end":{"line":41,"column":9}},"type":"if","locations":[{"start":{"line":37,"column":8},"end":{"line":41,"column":9}},{"start":{"line":39,"column":15},"end":{"line":41,"column":9}}],"line":37},"1":{"loc":{"start":{"line":50,"column":8},"end":{"line":53,"column":9}},"type":"if","locations":[{"start":{"line":50,"column":8},"end":{"line":53,"column":9}},{"start":{},"end":{}}],"line":50},"2":{"loc":{"start":{"line":64,"column":8},"end":{"line":68,"column":9}},"type":"if","locations":[{"start":{"line":64,"column":8},"end":{"line":68,"column":9}},{"start":{"line":66,"column":15},"end":{"line":68,"column":9}}],"line":64},"3":{"loc":{"start":{"line":76,"column":8},"end":{"line":78,"column":9}},"type":"if","locations":[{"start":{"line":76,"column":8},"end":{"line":78,"column":9}},{"start":{},"end":{}}],"line":76},"4":{"loc":{"start":{"line":80,"column":8},"end":{"line":84,"column":9}},"type":"if","locations":[{"start":{"line":80,"column":8},"end":{"line":84,"column":9}},{"start":{"line":82,"column":15},"end":{"line":84,"column":9}}],"line":80},"5":{"loc":{"start":{"line":94,"column":8},"end":{"line":96,"column":9}},"type":"if","locations":[{"start":{"line":94,"column":8},"end":{"line":96,"column":9}},{"start":{},"end":{}}],"line":94},"6":{"loc":{"start":{"line":98,"column":8},"end":{"line":102,"column":9}},"type":"if","locations":[{"start":{"line":98,"column":8},"end":{"line":102,"column":9}},{"start":{"line":100,"column":15},"end":{"line":102,"column":9}}],"line":98}},"s":{"0":2,"1":2,"2":2,"3":2,"4":2,"5":2,"6":2,"7":2,"8":2,"9":2,"10":0,"11":2,"12":2,"13":2,"14":2,"15":2,"16":2,"17":0,"18":0,"19":2,"20":2,"21":2,"22":2,"23":0,"24":0,"25":2,"26":2,"27":0,"28":2,"29":2,"30":2,"31":2,"32":2,"33":0,"34":0,"35":2,"36":2,"37":2,"38":0,"39":2,"40":2,"41":2,"42":0,"43":0,"44":2,"45":3,"46":3,"47":3,"48":1,"49":2,"50":2,"51":1,"52":1,"53":0,"54":2},"f":{"0":2,"1":2,"2":2,"3":2,"4":2,"5":3},"b":{"0":[2,0],"1":[0,2],"2":[2,0],"3":[0,2],"4":[2,0],"5":[1,2],"6":[1,1]},"_coverageSchema":"1a1c01bbd47fc00a2c39e90264f33305004495a9","hash":"e34c49fc0a6c536e97223a75ea8088a8ed45df24"}
}
