TN:
SF:app.js
FN:15,(anonymous_0)
FN:19,(anonymous_1)
FNF:2
FNH:0
FNDA:0,(anonymous_0)
FNDA:0,(anonymous_1)
DA:1,2
DA:2,2
DA:3,2
DA:4,2
DA:5,2
DA:7,2
DA:9,2
DA:10,2
DA:11,2
DA:13,2
DA:15,2
DA:16,0
DA:19,2
DA:20,0
DA:23,2
LF:15
LH:13
BRDA:7,0,0,0
BRDA:7,0,1,2
BRF:2
BRH:1
end_of_record
TN:
SF:models\contact.js
FNF:0
FNH:0
DA:2,3
DA:3,3
DA:5,3
DA:22,3
DA:24,3
LF:5
LH:5
BRF:0
BRH:0
end_of_record
TN:
SF:models\contacts.js
FN:4,(anonymous_0)
FN:8,(anonymous_1)
FN:12,(anonymous_2)
FN:17,(anonymous_3)
FN:21,(anonymous_4)
FN:25,(anonymous_5)
FNF:6
FNH:5
FNDA:1,(anonymous_0)
FNDA:2,(anonymous_1)
FNDA:1,(anonymous_2)
FNDA:1,(anonymous_3)
FNDA:2,(anonymous_4)
FNDA:0,(anonymous_5)
DA:2,3
DA:4,3
DA:5,1
DA:8,3
DA:9,2
DA:12,3
DA:13,1
DA:14,1
DA:17,3
DA:18,1
DA:21,3
DA:22,2
DA:25,3
DA:26,0
DA:29,3
LF:15
LH:14
BRF:0
BRH:0
end_of_record
TN:
SF:routes\api\contacts.js
FN:24,(anonymous_0)
FN:33,(anonymous_1)
FN:47,(anonymous_2)
FN:61,(anonymous_3)
FN:74,(anonymous_4)
FN:91,(anonymous_5)
FNF:6
FNH:6
FNDA:2,(anonymous_0)
FNDA:2,(anonymous_1)
FNDA:2,(anonymous_2)
FNDA:2,(anonymous_3)
FNDA:2,(anonymous_4)
FNDA:3,(anonymous_5)
DA:2,2
DA:3,2
DA:11,2
DA:12,2
DA:14,2
DA:20,2
DA:24,2
DA:25,2
DA:26,2
DA:27,2
DA:29,0
DA:33,2
DA:34,2
DA:35,2
DA:36,2
DA:37,2
DA:38,2
DA:40,0
DA:43,0
DA:47,2
DA:48,2
DA:49,2
DA:50,2
DA:51,0
DA:52,0
DA:54,2
DA:55,2
DA:57,0
DA:61,2
DA:62,2
DA:63,2
DA:64,2
DA:65,2
DA:67,0
DA:70,0
DA:74,2
DA:75,2
DA:76,2
DA:77,0
DA:79,2
DA:80,2
DA:81,2
DA:83,0
DA:86,0
DA:91,2
DA:92,3
DA:93,3
DA:94,3
DA:95,1
DA:97,2
DA:98,2
DA:99,1
DA:101,1
DA:104,0
DA:108,2
LF:55
LH:43
BRDA:37,0,0,2
BRDA:37,0,1,0
BRDA:50,1,0,0
BRDA:50,1,1,2
BRDA:64,2,0,2
BRDA:64,2,1,0
BRDA:76,3,0,0
BRDA:76,3,1,2
BRDA:80,4,0,2
BRDA:80,4,1,0
BRDA:94,5,0,1
BRDA:94,5,1,2
BRDA:98,6,0,1
BRDA:98,6,1,1
BRF:14
BRH:9
end_of_record
